# JRE version: Java(TM) SE Runtime Environment (8.0_221-b11) (build 1.8.0_221-b11)
# Java VM: Java HotSpot(TM) 64-Bit Server VM (25.221-b11 mixed mode windows-amd64 compressed oops)
Heap:
 PSYoungGen      total 210432K, used 14351K [0x00000000d5580000, 0x00000000e7100000, 0x0000000100000000)
  eden space 195072K, 7% used [0x00000000d5580000,0x00000000d6383ff8,0x00000000e1400000)
  from space 15360K, 0% used [0x00000000e1400000,0x00000000e1400000,0x00000000e2300000)
  to   space 20480K, 0% used [0x00000000e5d00000,0x00000000e5d00000,0x00000000e7100000)
 ParOldGen       total 91136K, used 35623K [0x0000000080000000, 0x0000000085900000, 0x00000000d5580000)
  object space 91136K, 39% used [0x0000000080000000,0x00000000822c9df8,0x0000000085900000)
 Metaspace       used 57832K, capacity 60160K, committed 60376K, reserved 1101824K
  class space    used 7841K, capacity 8341K, committed 8408K, reserved 1048576K
GC Heap History (10 events):
Event: 12.656 GC heap before
{Heap before GC invocations=14 (full 2):
 PSYoungGen      total 137728K, used 128051K [0x00000000d5580000, 0x00000000e0a00000, 0x0000000100000000)
  eden space 125952K, 100% used [0x00000000d5580000,0x00000000dd080000,0x00000000dd080000)
  from space 11776K, 17% used [0x00000000dd080000,0x00000000dd28cdc0,0x00000000ddc00000)
  to   space 11776K, 0% used [0x00000000dfe80000,0x00000000dfe80000,0x00000000e0a00000)
 ParOldGen       total 91136K, used 17679K [0x0000000080000000, 0x0000000085900000, 0x00000000d5580000)
  object space 91136K, 19% used [0x0000000080000000,0x0000000081143ca8,0x0000000085900000)
 Metaspace       used 36543K, capacity 37742K, committed 37888K, reserved 1081344K
  class space    used 4959K, capacity 5259K, committed 5376K, reserved 1048576K
Event: 12.662 GC heap after
Heap after GC invocations=14 (full 2):
 PSYoungGen      total 166912K, used 5846K [0x00000000d5580000, 0x00000000e0680000, 0x0000000100000000)
  eden space 158720K, 0% used [0x00000000d5580000,0x00000000d5580000,0x00000000df080000)
  from space 8192K, 71% used [0x00000000dfe80000,0x00000000e0435ba8,0x00000000e0680000)
  to   space 11264K, 0% used [0x00000000df080000,0x00000000df080000,0x00000000dfb80000)
 ParOldGen       total 91136K, used 17687K [0x0000000080000000, 0x0000000085900000, 0x00000000d5580000)
  object space 91136K, 19% used [0x0000000080000000,0x0000000081145ca8,0x0000000085900000)
 Metaspace       used 36543K, capacity 37742K, committed 37888K, reserved 1081344K
  class space    used 4959K, capacity 5259K, committed 5376K, reserved 1048576K
}
Event: 14.044 GC heap before
{Heap before GC invocations=15 (full 2):
 PSYoungGen      total 166912K, used 164566K [0x00000000d5580000, 0x00000000e0680000, 0x0000000100000000)
  eden space 158720K, 100% used [0x00000000d5580000,0x00000000df080000,0x00000000df080000)
  from space 8192K, 71% used [0x00000000dfe80000,0x00000000e0435ba8,0x00000000e0680000)
  to   space 11264K, 0% used [0x00000000df080000,0x00000000df080000,0x00000000dfb80000)
 ParOldGen       total 91136K, used 17687K [0x0000000080000000, 0x0000000085900000, 0x00000000d5580000)
  object space 91136K, 19% used [0x0000000080000000,0x0000000081145ca8,0x0000000085900000)
 Metaspace       used 39870K, capacity 41340K, committed 41472K, reserved 1085440K
  class space    used 5445K, capacity 5792K, committed 5888K, reserved 1048576K
Event: 14.055 GC heap after
Heap after GC invocations=15 (full 2):
 PSYoungGen      total 169984K, used 8237K [0x00000000d5580000, 0x00000000e2e80000, 0x0000000100000000)
  eden space 158720K, 0% used [0x00000000d5580000,0x00000000d5580000,0x00000000df080000)
  from space 11264K, 73% used [0x00000000df080000,0x00000000df88b770,0x00000000dfb80000)
  to   space 11776K, 0% used [0x00000000e2300000,0x00000000e2300000,0x00000000e2e80000)
 ParOldGen       total 91136K, used 17695K [0x0000000080000000, 0x0000000085900000, 0x00000000d5580000)
  object space 91136K, 19% used [0x0000000080000000,0x0000000081147ca8,0x0000000085900000)
 Metaspace       used 39870K, capacity 41340K, committed 41472K, reserved 1085440K
  class space    used 5445K, capacity 5792K, committed 5888K, reserved 1048576K
}
Event: 16.698 GC heap before
{Heap before GC invocations=16 (full 2):
 PSYoungGen      total 169984K, used 166957K [0x00000000d5580000, 0x00000000e2e80000, 0x0000000100000000)
  eden space 158720K, 100% used [0x00000000d5580000,0x00000000df080000,0x00000000df080000)
  from space 11264K, 73% used [0x00000000df080000,0x00000000df88b770,0x00000000dfb80000)
  to   space 11776K, 0% used [0x00000000e2300000,0x00000000e2300000,0x00000000e2e80000)
 ParOldGen       total 91136K, used 17695K [0x0000000080000000, 0x0000000085900000, 0x00000000d5580000)
  object space 91136K, 19% used [0x0000000080000000,0x0000000081147ca8,0x0000000085900000)
 Metaspace       used 49336K, capacity 51512K, committed 51712K, reserved 1093632K
  class space    used 6733K, capacity 7156K, committed 7168K, reserved 1048576K
Event: 16.718 GC heap after
Heap after GC invocations=16 (full 2):
 PSYoungGen      total 206848K, used 11761K [0x00000000d5580000, 0x00000000e3480000, 0x0000000100000000)
  eden space 195072K, 0% used [0x00000000d5580000,0x00000000d5580000,0x00000000e1400000)
  from space 11776K, 99% used [0x00000000e2300000,0x00000000e2e7c798,0x00000000e2e80000)
  to   space 15360K, 0% used [0x00000000e1400000,0x00000000e1400000,0x00000000e2300000)
 ParOldGen       total 91136K, used 23701K [0x0000000080000000, 0x0000000085900000, 0x00000000d5580000)
  object space 91136K, 26% used [0x0000000080000000,0x00000000817257e0,0x0000000085900000)
 Metaspace       used 49336K, capacity 51512K, committed 51712K, reserved 1093632K
  class space    used 6733K, capacity 7156K, committed 7168K, reserved 1048576K
}
Event: 18.038 GC heap before
{Heap before GC invocations=17 (full 2):
 PSYoungGen      total 206848K, used 120974K [0x00000000d5580000, 0x00000000e3480000, 0x0000000100000000)
  eden space 195072K, 55% used [0x00000000d5580000,0x00000000dc027390,0x00000000e1400000)
  from space 11776K, 99% used [0x00000000e2300000,0x00000000e2e7c798,0x00000000e2e80000)
  to   space 15360K, 0% used [0x00000000e1400000,0x00000000e1400000,0x00000000e2300000)
 ParOldGen       total 91136K, used 23701K [0x0000000080000000, 0x0000000085900000, 0x00000000d5580000)
  object space 91136K, 26% used [0x0000000080000000,0x00000000817257e0,0x0000000085900000)
 Metaspace       used 56647K, capacity 59046K, committed 59096K, reserved 1099776K
  class space    used 7636K, capacity 8124K, committed 8152K, reserved 1048576K
Event: 18.061 GC heap after
Heap after GC invocations=17 (full 2):
 PSYoungGen      total 210432K, used 15340K [0x00000000d5580000, 0x00000000e7100000, 0x0000000100000000)
  eden space 195072K, 0% used [0x00000000d5580000,0x00000000d5580000,0x00000000e1400000)
  from space 15360K, 99% used [0x00000000e1400000,0x00000000e22fb320,0x00000000e2300000)
  to   space 20480K, 0% used [0x00000000e5d00000,0x00000000e5d00000,0x00000000e7100000)
 ParOldGen       total 91136K, used 31736K [0x0000000080000000, 0x0000000085900000, 0x00000000d5580000)
  object space 91136K, 34% used [0x0000000080000000,0x0000000081efe3e8,0x0000000085900000)
 Metaspace       used 56647K, capacity 59046K, committed 59096K, reserved 1099776K
  class space    used 7636K, capacity 8124K, committed 8152K, reserved 1048576K
}
Event: 18.061 GC heap before
{Heap before GC invocations=18 (full 3):
 PSYoungGen      total 210432K, used 15340K [0x00000000d5580000, 0x00000000e7100000, 0x0000000100000000)
  eden space 195072K, 0% used [0x00000000d5580000,0x00000000d5580000,0x00000000e1400000)
  from space 15360K, 99% used [0x00000000e1400000,0x00000000e22fb320,0x00000000e2300000)
  to   space 20480K, 0% used [0x00000000e5d00000,0x00000000e5d00000,0x00000000e7100000)
 ParOldGen       total 91136K, used 31736K [0x0000000080000000, 0x0000000085900000, 0x00000000d5580000)
  object space 91136K, 34% used [0x0000000080000000,0x0000000081efe3e8,0x0000000085900000)
 Metaspace       used 56647K, capacity 59046K, committed 59096K, reserved 1099776K
  class space    used 7636K, capacity 8124K, committed 8152K, reserved 1048576K
Event: 18.281 GC heap after
Heap after GC invocations=18 (full 3):
 PSYoungGen      total 210432K, used 0K [0x00000000d5580000, 0x00000000e7100000, 0x0000000100000000)
  eden space 195072K, 0% used [0x00000000d5580000,0x00000000d5580000,0x00000000e1400000)
  from space 15360K, 0% used [0x00000000e1400000,0x00000000e1400000,0x00000000e2300000)
  to   space 20480K, 0% used [0x00000000e5d00000,0x00000000e5d00000,0x00000000e7100000)
 ParOldGen       total 91136K, used 35623K [0x0000000080000000, 0x0000000085900000, 0x00000000d5580000)
  object space 91136K, 39% used [0x0000000080000000,0x00000000822c9df8,0x0000000085900000)
 Metaspace       used 56544K, capacity 58766K, committed 59096K, reserved 1099776K
  class space    used 7606K, capacity 8080K, committed 8152K, reserved 1048576K
}

