# JRE version: Java(TM) SE Runtime Environment (8.0_221-b11) (build 1.8.0_221-b11)
# Java VM: Java HotSpot(TM) 64-Bit Server VM (25.221-b11 mixed mode windows-amd64 compressed oops)
Heap:
 PSYoungGen      total 170496K, used 87206K [0x00000000d5580000, 0x00000000e2500000, 0x0000000100000000)
  eden space 155136K, 56% used [0x00000000d5580000,0x00000000daaa99e0,0x00000000ded00000)
  from space 15360K, 0% used [0x00000000e0100000,0x00000000e0100000,0x00000000e1000000)
  to   space 20480K, 0% used [0x00000000ded00000,0x00000000ded00000,0x00000000e0100000)
 ParOldGen       total 141824K, used 37014K [0x0000000080000000, 0x0000000088a80000, 0x00000000d5580000)
  object space 141824K, 26% used [0x0000000080000000,0x0000000082425980,0x0000000088a80000)
 Metaspace       used 60805K, capacity 63422K, committed 63744K, reserved 1103872K
  class space    used 8586K, capacity 9104K, committed 9216K, reserved 1048576K
GC Heap History (10 events):
Event: 6.373 GC heap before
{Heap before GC invocations=11 (full 2):
 PSYoungGen      total 112640K, used 8479K [0x00000000d5580000, 0x00000000df700000, 0x0000000100000000)
  eden space 100864K, 0% used [0x00000000d5580000,0x00000000d5580000,0x00000000db800000)
  from space 11776K, 72% used [0x00000000db800000,0x00000000dc047c68,0x00000000dc380000)
  to   space 11776K, 0% used [0x00000000deb80000,0x00000000deb80000,0x00000000df700000)
 ParOldGen       total 58368K, used 8869K [0x0000000080000000, 0x0000000083900000, 0x00000000d5580000)
  object space 58368K, 15% used [0x0000000080000000,0x00000000808a9788,0x0000000083900000)
 Metaspace       used 34100K, capacity 35342K, committed 35496K, reserved 1079296K
  class space    used 4725K, capacity 5012K, committed 5120K, reserved 1048576K
Event: 6.468 GC heap after
Heap after GC invocations=11 (full 2):
 PSYoungGen      total 112640K, used 0K [0x00000000d5580000, 0x00000000df700000, 0x0000000100000000)
  eden space 100864K, 0% used [0x00000000d5580000,0x00000000d5580000,0x00000000db800000)
  from space 11776K, 0% used [0x00000000db800000,0x00000000db800000,0x00000000dc380000)
  to   space 11776K, 0% used [0x00000000deb80000,0x00000000deb80000,0x00000000df700000)
 ParOldGen       total 88064K, used 14894K [0x0000000080000000, 0x0000000085600000, 0x00000000d5580000)
  object space 88064K, 16% used [0x0000000080000000,0x0000000080e8b8e0,0x0000000085600000)
 Metaspace       used 34100K, capacity 35342K, committed 35496K, reserved 1079296K
  class space    used 4725K, capacity 5012K, committed 5120K, reserved 1048576K
}
Event: 7.589 GC heap before
{Heap before GC invocations=12 (full 2):
 PSYoungGen      total 112640K, used 100864K [0x00000000d5580000, 0x00000000df700000, 0x0000000100000000)
  eden space 100864K, 100% used [0x00000000d5580000,0x00000000db800000,0x00000000db800000)
  from space 11776K, 0% used [0x00000000db800000,0x00000000db800000,0x00000000dc380000)
  to   space 11776K, 0% used [0x00000000deb80000,0x00000000deb80000,0x00000000df700000)
 ParOldGen       total 88064K, used 14894K [0x0000000080000000, 0x0000000085600000, 0x00000000d5580000)
  object space 88064K, 16% used [0x0000000080000000,0x0000000080e8b8e0,0x0000000085600000)
 Metaspace       used 38567K, capacity 40356K, committed 40448K, reserved 1083392K
  class space    used 5456K, capacity 5833K, committed 5888K, reserved 1048576K
Event: 7.600 GC heap after
Heap after GC invocations=12 (full 2):
 PSYoungGen      total 137216K, used 8916K [0x00000000d5580000, 0x00000000df480000, 0x0000000100000000)
  eden space 128000K, 0% used [0x00000000d5580000,0x00000000d5580000,0x00000000dd280000)
  from space 9216K, 96% used [0x00000000deb80000,0x00000000df4351c8,0x00000000df480000)
  to   space 12288K, 0% used [0x00000000ddc80000,0x00000000ddc80000,0x00000000de880000)
 ParOldGen       total 88064K, used 14902K [0x0000000080000000, 0x0000000085600000, 0x00000000d5580000)
  object space 88064K, 16% used [0x0000000080000000,0x0000000080e8d8e0,0x0000000085600000)
 Metaspace       used 38567K, capacity 40356K, committed 40448K, reserved 1083392K
  class space    used 5456K, capacity 5833K, committed 5888K, reserved 1048576K
}
Event: 10.489 GC heap before
{Heap before GC invocations=13 (full 2):
 PSYoungGen      total 137216K, used 136916K [0x00000000d5580000, 0x00000000df480000, 0x0000000100000000)
  eden space 128000K, 100% used [0x00000000d5580000,0x00000000dd280000,0x00000000dd280000)
  from space 9216K, 96% used [0x00000000deb80000,0x00000000df4351c8,0x00000000df480000)
  to   space 12288K, 0% used [0x00000000ddc80000,0x00000000ddc80000,0x00000000de880000)
 ParOldGen       total 88064K, used 14902K [0x0000000080000000, 0x0000000085600000, 0x00000000d5580000)
  object space 88064K, 16% used [0x0000000080000000,0x0000000080e8d8e0,0x0000000085600000)
 Metaspace       used 48308K, capacity 50422K, committed 50688K, reserved 1093632K
  class space    used 6700K, capacity 7151K, committed 7168K, reserved 1048576K
Event: 10.532 GC heap after
Heap after GC invocations=13 (full 2):
 PSYoungGen      total 150528K, used 12277K [0x00000000d5580000, 0x00000000e1000000, 0x0000000100000000)
  eden space 138240K, 0% used [0x00000000d5580000,0x00000000d5580000,0x00000000ddc80000)
  from space 12288K, 99% used [0x00000000ddc80000,0x00000000de87d5e8,0x00000000de880000)
  to   space 15360K, 0% used [0x00000000e0100000,0x00000000e0100000,0x00000000e1000000)
 ParOldGen       total 88064K, used 20265K [0x0000000080000000, 0x0000000085600000, 0x00000000d5580000)
  object space 88064K, 23% used [0x0000000080000000,0x00000000813ca750,0x0000000085600000)
 Metaspace       used 48308K, capacity 50422K, committed 50688K, reserved 1093632K
  class space    used 6700K, capacity 7151K, committed 7168K, reserved 1048576K
}
Event: 13.146 GC heap before
{Heap before GC invocations=14 (full 2):
 PSYoungGen      total 150528K, used 118191K [0x00000000d5580000, 0x00000000e1000000, 0x0000000100000000)
  eden space 138240K, 76% used [0x00000000d5580000,0x00000000dbcee738,0x00000000ddc80000)
  from space 12288K, 99% used [0x00000000ddc80000,0x00000000de87d5e8,0x00000000de880000)
  to   space 15360K, 0% used [0x00000000e0100000,0x00000000e0100000,0x00000000e1000000)
 ParOldGen       total 88064K, used 20265K [0x0000000080000000, 0x0000000085600000, 0x00000000d5580000)
  object space 88064K, 23% used [0x0000000080000000,0x00000000813ca750,0x0000000085600000)
 Metaspace       used 56570K, capacity 59024K, committed 59136K, reserved 1099776K
  class space    used 7894K, capacity 8376K, committed 8448K, reserved 1048576K
Event: 13.184 GC heap after
Heap after GC invocations=14 (full 2):
 PSYoungGen      total 170496K, used 15352K [0x00000000d5580000, 0x00000000e2500000, 0x0000000100000000)
  eden space 155136K, 0% used [0x00000000d5580000,0x00000000d5580000,0x00000000ded00000)
  from space 15360K, 99% used [0x00000000e0100000,0x00000000e0ffe310,0x00000000e1000000)
  to   space 20480K, 0% used [0x00000000ded00000,0x00000000ded00000,0x00000000e0100000)
 ParOldGen       total 88064K, used 28827K [0x0000000080000000, 0x0000000085600000, 0x00000000d5580000)
  object space 88064K, 32% used [0x0000000080000000,0x0000000081c26c08,0x0000000085600000)
 Metaspace       used 56570K, capacity 59024K, committed 59136K, reserved 1099776K
  class space    used 7894K, capacity 8376K, committed 8448K, reserved 1048576K
}
Event: 13.185 GC heap before
{Heap before GC invocations=15 (full 3):
 PSYoungGen      total 170496K, used 15352K [0x00000000d5580000, 0x00000000e2500000, 0x0000000100000000)
  eden space 155136K, 0% used [0x00000000d5580000,0x00000000d5580000,0x00000000ded00000)
  from space 15360K, 99% used [0x00000000e0100000,0x00000000e0ffe310,0x00000000e1000000)
  to   space 20480K, 0% used [0x00000000ded00000,0x00000000ded00000,0x00000000e0100000)
 ParOldGen       total 88064K, used 28827K [0x0000000080000000, 0x0000000085600000, 0x00000000d5580000)
  object space 88064K, 32% used [0x0000000080000000,0x0000000081c26c08,0x0000000085600000)
 Metaspace       used 56570K, capacity 59024K, committed 59136K, reserved 1099776K
  class space    used 7894K, capacity 8376K, committed 8448K, reserved 1048576K
Event: 13.547 GC heap after
Heap after GC invocations=15 (full 3):
 PSYoungGen      total 170496K, used 0K [0x00000000d5580000, 0x00000000e2500000, 0x0000000100000000)
  eden space 155136K, 0% used [0x00000000d5580000,0x00000000d5580000,0x00000000ded00000)
  from space 15360K, 0% used [0x00000000e0100000,0x00000000e0100000,0x00000000e1000000)
  to   space 20480K, 0% used [0x00000000ded00000,0x00000000ded00000,0x00000000e0100000)
 ParOldGen       total 141824K, used 37014K [0x0000000080000000, 0x0000000088a80000, 0x00000000d5580000)
  object space 141824K, 26% used [0x0000000080000000,0x0000000082425980,0x0000000088a80000)
 Metaspace       used 56525K, capacity 58874K, committed 59136K, reserved 1099776K
  class space    used 7880K, capacity 8351K, committed 8448K, reserved 1048576K
}

